Arguments: 
  /usr/local/bin/node /usr/local/Cellar/yarn/1.22.10/libexec/bin/yarn.js init

PATH: 
  /usr/local/bin:/usr/bin:/bin:/usr/sbin:/sbin

Yarn version: 
  1.22.10

Node version: 
  14.17.0

Platform: 
  darwin x64

Trace: 
  Error: canceled
      at Interface.<anonymous> (/usr/local/Cellar/yarn/1.22.10/libexec/lib/cli.js:137009:13)
      at Interface.emit (events.js:376:20)
      at Interface._ttyWrite (readline.js:880:16)
      at ReadStream.onkeypress (readline.js:213:10)
      at ReadStream.emit (events.js:376:20)
      at emitKeys (internal/readline/utils.js:345:14)
      at emitKeys.next (<anonymous>)
      at ReadStream.onData (readline.js:1149:36)
      at ReadStream.emit (events.js:376:20)
      at addChunk (internal/streams/readable.js:309:12)

npm manifest: 
  {
    "name": "Practice",
    "version": "1.0.0",
    "main": "index.js",
    "repository": "git@github.com:VK-Team-Project/Practice.git",
    "author": "Viet Vo <viet.allen.qvo@gmail.com>",
    "license": "MIT",
    "dependencies": {
      "express": "^4.17.1"
    },
    "scripts": {
      "start": "yarn run server.js"
    }
  }

yarn manifest: 
  No manifest

Lockfile: 
  No lockfile
